<?xml version="1.0" encoding="UTF-8"?>
<!-- Generated by org.testng.reporters.JUnitXMLReporter -->
<testsuite hostname="PQA-0327LT" name="Test" tests="3" failures="0" timestamp="8 Sep 2016 15:45:18 GMT" time="43.028" errors="0">
  <testcase name="testSearchInRegularWay" time="16.341" classname="TEDHotelReservation.TestRoomSearch"/>
  <testcase name="testFilterByRating" time="16.66" classname="TEDHotelReservation.TestHotelFilter"/>
  <testcase name="testSearchWhenDateFormatIsWrong" time="13.084" classname="TEDHotelReservation.TestRoomSearch"/>
</testsuite> <!-- Test -->
