<?xml version="1.0" encoding="UTF-8"?>
<!-- Generated by org.testng.reporters.JUnitXMLReporter -->
<testsuite hostname="PQA-0327LT" name="Test" tests="3" failures="0" timestamp="8 Sep 2016 15:49:08 GMT" time="38.805" errors="0">
  <testcase name="testSearchInRegularWay" time="17.021" classname="TEDHotelReservation.TestRoomSearch"/>
  <testcase name="testFilterByRating" time="17.34" classname="TEDHotelReservation.TestHotelFilter"/>
  <testcase name="testSearchWhenDateFormatIsWrong" time="12.409" classname="TEDHotelReservation.TestRoomSearch"/>
</testsuite> <!-- Test -->
