<?xml version="1.0" encoding="UTF-8"?>
<!-- Generated by org.testng.reporters.JUnitXMLReporter -->
<testsuite hostname="L-00008" name="Test" tests="4" failures="0" timestamp="1 Dec 2016 00:09:24 GMT" time="185.099" errors="0">
  <testcase name="anonymousCheckOut" time="43.795" classname="TestSuite.CheckoutSuite.FW1212"/>
  <testcase name="testAddNewCCForOrder" time="48.023" classname="TestSuite.CheckoutSuite.FW1230"/>
  <testcase name="anonymousConfirmationPage" time="23.333" classname="TestSuite.CheckoutSuite.FW1238"/>
  <testcase name="testRegistrationONConfirmPage" time="23.087" classname="TestSuite.CheckoutSuite.FW1242"/>
</testsuite> <!-- Test -->
